[2025-09-05 23:58:39] production.ERROR: chmod(): Operation not permitted {"exception":"[object] (ErrorException(code: 0): chmod(): Operation not permitted at /var/www/vendor/laravel/framework/src/Illuminate/Filesystem/Filesystem.php:228)
[stacktrace]
#0 /var/www/vendor/laravel/framework/src/Illuminate/Foundation/Bootstrap/HandleExceptions.php(256): Illuminate\\Foundation\\Bootstrap\\HandleExceptions->handleError(2, 'chmod(): Operat...', '/var/www/vendor...', 228)
#1 [internal function]: Illuminate\\Foundation\\Bootstrap\\HandleExceptions->Illuminate\\Foundation\\Bootstrap\\{closure}(2, 'chmod(): Operat...', '/var/www/vendor...', 228)
#2 /var/www/vendor/laravel/framework/src/Illuminate/Filesystem/Filesystem.php(228): chmod('/var/www/bootst...', 493)
#3 /var/www/vendor/laravel/framework/src/Illuminate/Foundation/PackageManifest.php(182): Illuminate\\Filesystem\\Filesystem->replace('/var/www/bootst...', '<?php return ar...')
#4 /var/www/vendor/laravel/framework/src/Illuminate/Foundation/PackageManifest.php(132): Illuminate\\Foundation\\PackageManifest->write(Array)
#5 /var/www/vendor/laravel/framework/src/Illuminate/Foundation/PackageManifest.php(108): Illuminate\\Foundation\\PackageManifest->build()
#6 /var/www/vendor/laravel/framework/src/Illuminate/Foundation/PackageManifest.php(90): Illuminate\\Foundation\\PackageManifest->getManifest()
#7 /var/www/vendor/laravel/framework/src/Illuminate/Foundation/PackageManifest.php(79): Illuminate\\Foundation\\PackageManifest->config('aliases')
#8 /var/www/vendor/laravel/framework/src/Illuminate/Foundation/Bootstrap/RegisterFacades.php(26): Illuminate\\Foundation\\PackageManifest->aliases()
#9 /var/www/vendor/laravel/framework/src/Illuminate/Foundation/Application.php(341): Illuminate\\Foundation\\Bootstrap\\RegisterFacades->bootstrap(Object(Illuminate\\Foundation\\Application))
#10 /var/www/vendor/laravel/framework/src/Illuminate/Foundation/Http/Kernel.php(186): Illuminate\\Foundation\\Application->bootstrapWith(Array)
#11 /var/www/vendor/laravel/framework/src/Illuminate/Foundation/Http/Kernel.php(170): Illuminate\\Foundation\\Http\\Kernel->bootstrap()
#12 /var/www/vendor/laravel/framework/src/Illuminate/Foundation/Http/Kernel.php(144): Illuminate\\Foundation\\Http\\Kernel->sendRequestThroughRouter(Object(Illuminate\\Http\\Request))
#13 /var/www/vendor/laravel/framework/src/Illuminate/Foundation/Application.php(1219): Illuminate\\Foundation\\Http\\Kernel->handle(Object(Illuminate\\Http\\Request))
#14 /var/www/public/index.php(20): Illuminate\\Foundation\\Application->handleRequest(Object(Illuminate\\Http\\Request))
#15 {main}
"} 
[2025-09-05 23:58:39] production.ERROR: Target class [view] does not exist. {"exception":"[object] (Illuminate\\Contracts\\Container\\BindingResolutionException(code: 0): Target class [view] does not exist. at /var/www/vendor/laravel/framework/src/Illuminate/Container/Container.php:1045)
[stacktrace]
#0 /var/www/vendor/laravel/framework/src/Illuminate/Container/Container.php(916): Illuminate\\Container\\Container->build('view')
#1 /var/www/vendor/laravel/framework/src/Illuminate/Foundation/Application.php(1077): Illuminate\\Container\\Container->resolve('view', Array, true)
#2 /var/www/vendor/laravel/framework/src/Illuminate/Container/Container.php(847): Illuminate\\Foundation\\Application->resolve('view', Array)
#3 /var/www/vendor/laravel/framework/src/Illuminate/Foundation/Application.php(1057): Illuminate\\Container\\Container->make('view', Array)
#4 /var/www/vendor/laravel/framework/src/Illuminate/Container/Container.php(1679): Illuminate\\Foundation\\Application->make('view')
#5 /var/www/vendor/laravel/framework/src/Illuminate/Support/Facades/Facade.php(239): Illuminate\\Container\\Container->offsetGet('view')
#6 /var/www/vendor/laravel/framework/src/Illuminate/Support/Facades/Facade.php(210): Illuminate\\Support\\Facades\\Facade::resolveFacadeInstance('view')
#7 /var/www/vendor/laravel/framework/src/Illuminate/Support/Facades/Facade.php(355): Illuminate\\Support\\Facades\\Facade::getFacadeRoot()
#8 /var/www/vendor/laravel/framework/src/Illuminate/Foundation/Exceptions/RegisterErrorViewPaths.php(17): Illuminate\\Support\\Facades\\Facade::__callStatic('replaceNamespac...', Array)
#9 /var/www/vendor/laravel/framework/src/Illuminate/Foundation/Exceptions/Handler.php(948): Illuminate\\Foundation\\Exceptions\\RegisterErrorViewPaths->__invoke()
#10 /var/www/vendor/laravel/framework/src/Illuminate/Foundation/Exceptions/Handler.php(923): Illuminate\\Foundation\\Exceptions\\Handler->registerErrorViewPaths()
#11 /var/www/vendor/laravel/framework/src/Illuminate/Foundation/Exceptions/Handler.php(848): Illuminate\\Foundation\\Exceptions\\Handler->renderHttpException(Object(Symfony\\Component\\HttpKernel\\Exception\\HttpException))
#12 /var/www/vendor/laravel/framework/src/Illuminate/Foundation/Exceptions/Handler.php(739): Illuminate\\Foundation\\Exceptions\\Handler->prepareResponse(Object(Illuminate\\Http\\Request), Object(Symfony\\Component\\HttpKernel\\Exception\\HttpException))
#13 /var/www/vendor/laravel/framework/src/Illuminate/Foundation/Exceptions/Handler.php(627): Illuminate\\Foundation\\Exceptions\\Handler->renderExceptionResponse(Object(Illuminate\\Http\\Request), Object(ErrorException))
#14 /var/www/vendor/laravel/framework/src/Illuminate/Foundation/Http/Kernel.php(574): Illuminate\\Foundation\\Exceptions\\Handler->render(Object(Illuminate\\Http\\Request), Object(ErrorException))
#15 /var/www/vendor/laravel/framework/src/Illuminate/Foundation/Http/Kernel.php(148): Illuminate\\Foundation\\Http\\Kernel->renderException(Object(Illuminate\\Http\\Request), Object(ErrorException))
#16 /var/www/vendor/laravel/framework/src/Illuminate/Foundation/Application.php(1219): Illuminate\\Foundation\\Http\\Kernel->handle(Object(Illuminate\\Http\\Request))
#17 /var/www/public/index.php(20): Illuminate\\Foundation\\Application->handleRequest(Object(Illuminate\\Http\\Request))
#18 {main}

[previous exception] [object] (ReflectionException(code: -1): Class \"view\" does not exist at /var/www/vendor/laravel/framework/src/Illuminate/Container/Container.php:1043)
[stacktrace]
#0 /var/www/vendor/laravel/framework/src/Illuminate/Container/Container.php(1043): ReflectionClass->__construct('view')
#1 /var/www/vendor/laravel/framework/src/Illuminate/Container/Container.php(916): Illuminate\\Container\\Container->build('view')
#2 /var/www/vendor/laravel/framework/src/Illuminate/Foundation/Application.php(1077): Illuminate\\Container\\Container->resolve('view', Array, true)
#3 /var/www/vendor/laravel/framework/src/Illuminate/Container/Container.php(847): Illuminate\\Foundation\\Application->resolve('view', Array)
#4 /var/www/vendor/laravel/framework/src/Illuminate/Foundation/Application.php(1057): Illuminate\\Container\\Container->make('view', Array)
#5 /var/www/vendor/laravel/framework/src/Illuminate/Container/Container.php(1679): Illuminate\\Foundation\\Application->make('view')
#6 /var/www/vendor/laravel/framework/src/Illuminate/Support/Facades/Facade.php(239): Illuminate\\Container\\Container->offsetGet('view')
#7 /var/www/vendor/laravel/framework/src/Illuminate/Support/Facades/Facade.php(210): Illuminate\\Support\\Facades\\Facade::resolveFacadeInstance('view')
#8 /var/www/vendor/laravel/framework/src/Illuminate/Support/Facades/Facade.php(355): Illuminate\\Support\\Facades\\Facade::getFacadeRoot()
#9 /var/www/vendor/laravel/framework/src/Illuminate/Foundation/Exceptions/RegisterErrorViewPaths.php(17): Illuminate\\Support\\Facades\\Facade::__callStatic('replaceNamespac...', Array)
#10 /var/www/vendor/laravel/framework/src/Illuminate/Foundation/Exceptions/Handler.php(948): Illuminate\\Foundation\\Exceptions\\RegisterErrorViewPaths->__invoke()
#11 /var/www/vendor/laravel/framework/src/Illuminate/Foundation/Exceptions/Handler.php(923): Illuminate\\Foundation\\Exceptions\\Handler->registerErrorViewPaths()
#12 /var/www/vendor/laravel/framework/src/Illuminate/Foundation/Exceptions/Handler.php(848): Illuminate\\Foundation\\Exceptions\\Handler->renderHttpException(Object(Symfony\\Component\\HttpKernel\\Exception\\HttpException))
#13 /var/www/vendor/laravel/framework/src/Illuminate/Foundation/Exceptions/Handler.php(739): Illuminate\\Foundation\\Exceptions\\Handler->prepareResponse(Object(Illuminate\\Http\\Request), Object(Symfony\\Component\\HttpKernel\\Exception\\HttpException))
#14 /var/www/vendor/laravel/framework/src/Illuminate/Foundation/Exceptions/Handler.php(627): Illuminate\\Foundation\\Exceptions\\Handler->renderExceptionResponse(Object(Illuminate\\Http\\Request), Object(ErrorException))
#15 /var/www/vendor/laravel/framework/src/Illuminate/Foundation/Http/Kernel.php(574): Illuminate\\Foundation\\Exceptions\\Handler->render(Object(Illuminate\\Http\\Request), Object(ErrorException))
#16 /var/www/vendor/laravel/framework/src/Illuminate/Foundation/Http/Kernel.php(148): Illuminate\\Foundation\\Http\\Kernel->renderException(Object(Illuminate\\Http\\Request), Object(ErrorException))
#17 /var/www/vendor/laravel/framework/src/Illuminate/Foundation/Application.php(1219): Illuminate\\Foundation\\Http\\Kernel->handle(Object(Illuminate\\Http\\Request))
#18 /var/www/public/index.php(20): Illuminate\\Foundation\\Application->handleRequest(Object(Illuminate\\Http\\Request))
#19 {main}
"} 
[2025-09-05 23:58:39] production.ERROR: Uncaught ReflectionException: Class "view" does not exist in /var/www/vendor/laravel/framework/src/Illuminate/Container/Container.php:1043
Stack trace:
#0 /var/www/vendor/laravel/framework/src/Illuminate/Container/Container.php(1043): ReflectionClass->__construct('view')
#1 /var/www/vendor/laravel/framework/src/Illuminate/Container/Container.php(916): Illuminate\Container\Container->build('view')
#2 /var/www/vendor/laravel/framework/src/Illuminate/Foundation/Application.php(1077): Illuminate\Container\Container->resolve('view', Array, true)
#3 /var/www/vendor/laravel/framework/src/Illuminate/Container/Container.php(847): Illuminate\Foundation\Application->resolve('view', Array)
#4 /var/www/vendor/laravel/framework/src/Illuminate/Foundation/Application.php(1057): Illuminate\Container\Container->make('view', Array)
#5 /var/www/vendor/laravel/framework/src/Illuminate/Container/Container.php(1679): Illuminate\Foundation\Application->make('view')
#6 /var/www/vendor/laravel/framework/src/Illuminate/Support/Facades/Facade.php(239): Illuminate\Container\Container->offsetGet('view')
#7 /var/www/vendor/laravel/framework/src/Illuminate/Support/Facades/Facade.php(210): Illuminate\Support\Facades\Facade::resolveFacadeInstance('view')
#8 /var/www/vendor/laravel/framework/src/Illuminate/Support/Facades/Facade.php(355): Illuminate\Support\Facades\Facade::getFacadeRoot()
#9 /var/www/vendor/laravel/framework/src/Illuminate/Foundation/Exceptions/RegisterErrorViewPaths.php(17): Illuminate\Support\Facades\Facade::__callStatic('replaceNamespac...', Array)
#10 /var/www/vendor/laravel/framework/src/Illuminate/Foundation/Exceptions/Handler.php(948): Illuminate\Foundation\Exceptions\RegisterErrorViewPaths->__invoke()
#11 /var/www/vendor/laravel/framework/src/Illuminate/Foundation/Exceptions/Handler.php(923): Illuminate\Foundation\Exceptions\Handler->registerErrorViewPaths()
#12 /var/www/vendor/laravel/framework/src/Illuminate/Foundation/Exceptions/Handler.php(848): Illuminate\Foundation\Exceptions\Handler->renderHttpException(Object(Symfony\Component\HttpKernel\Exception\HttpException))
#13 /var/www/vendor/laravel/framework/src/Illuminate/Foundation/Exceptions/Handler.php(739): Illuminate\Foundation\Exceptions\Handler->prepareResponse(Object(Illuminate\Http\Request), Object(Symfony\Component\HttpKernel\Exception\HttpException))
#14 /var/www/vendor/laravel/framework/src/Illuminate/Foundation/Exceptions/Handler.php(627): Illuminate\Foundation\Exceptions\Handler->renderExceptionResponse(Object(Illuminate\Http\Request), Object(Illuminate\Contracts\Container\BindingResolutionException))
#15 /var/www/vendor/laravel/framework/src/Illuminate/Foundation/Bootstrap/HandleExceptions.php(219): Illuminate\Foundation\Exceptions\Handler->render(Object(Illuminate\Http\Request), Object(Illuminate\Contracts\Container\BindingResolutionException))
#16 /var/www/vendor/laravel/framework/src/Illuminate/Foundation/Bootstrap/HandleExceptions.php(196): Illuminate\Foundation\Bootstrap\HandleExceptions->renderHttpResponse(Object(Illuminate\Contracts\Container\BindingResolutionException))
#17 /var/www/vendor/laravel/framework/src/Illuminate/Foundation/Bootstrap/HandleExceptions.php(256): Illuminate\Foundation\Bootstrap\HandleExceptions->handleException(Object(Illuminate\Contracts\Container\BindingResolutionException))
#18 [internal function]: Illuminate\Foundation\Bootstrap\HandleExceptions->Illuminate\Foundation\Bootstrap\{closure}(Object(Illuminate\Contracts\Container\BindingResolutionException))
#19 {main}

Next Illuminate\Contracts\Container\BindingResolutionException: Target class [view] does not exist. in /var/www/vendor/laravel/framework/src/Illuminate/Container/Container.php:1045
Stack trace:
#0 /var/www/vendor/laravel/framework/src/Illuminate/Container/Container.php(916): Illuminate\Container\Container->build('view')
#1 /var/www/vendor/laravel/framework/src/Illuminate/Foundation/Application.php(1077): Illuminate\Container\Container->resolve('view', Array, true)
#2 /var/www/vendor/laravel/framework/src/Illuminate/Container/Container.php(847): Illuminate\Foundation\Application->resolve('view', Array)
#3 /var/www/vendor/laravel/framework/src/Illuminate/Foundation/Application.php(1057): Illuminate\Container\Container->make('view', Array)
#4 /var/www/vendor/laravel/framework/src/Illuminate/Container/Container.php(1679): Illuminate\Foundation\Application->make('view')
#5 /var/www/vendor/laravel/framework/src/Illuminate/Support/Facades/Facade.php(239): Illuminate\Container\Container->offsetGet('view')
#6 /var/www/vendor/laravel/framework/src/Illuminate/Support/Facades/Facade.php(210): Illuminate\Support\Facades\Facade::resolveFacadeInstance('view')
#7 /var/www/vendor/laravel/framework/src/Illuminate/Support/Facades/Facade.php(355): Illuminate\Support\Facades\Facade::getFacadeRoot()
#8 /var/www/vendor/laravel/framework/src/Illuminate/Foundation/Exceptions/RegisterErrorViewPaths.php(17): Illuminate\Support\Facades\Facade::__callStatic('replaceNamespac...', Array)
#9 /var/www/vendor/laravel/framework/src/Illuminate/Foundation/Exceptions/Handler.php(948): Illuminate\Foundation\Exceptions\RegisterErrorViewPaths->__invoke()
#10 /var/www/vendor/laravel/framework/src/Illuminate/Foundation/Exceptions/Handler.php(923): Illuminate\Foundation\Exceptions\Handler->registerErrorViewPaths()
#11 /var/www/vendor/laravel/framework/src/Illuminate/Foundation/Exceptions/Handler.php(848): Illuminate\Foundation\Exceptions\Handler->renderHttpException(Object(Symfony\Component\HttpKernel\Exception\HttpException))
#12 /var/www/vendor/laravel/framework/src/Illuminate/Foundation/Exceptions/Handler.php(739): Illuminate\Foundation\Exceptions\Handler->prepareResponse(Object(Illuminate\Http\Request), Object(Symfony\Component\HttpKernel\Exception\HttpException))
#13 /var/www/vendor/laravel/framework/src/Illuminate/Foundation/Exceptions/Handler.php(627): Illuminate\Foundation\Exceptions\Handler->renderExceptionResponse(Object(Illuminate\Http\Request), Object(Illuminate\Contracts\Container\BindingResolutionException))
#14 /var/www/vendor/laravel/framework/src/Illuminate/Foundation/Bootstrap/HandleExceptions.php(219): Illuminate\Foundation\Exceptions\Handler->render(Object(Illuminate\Http\Request), Object(Illuminate\Contracts\Container\BindingResolutionException))
#15 /var/www/vendor/laravel/framework/src/Illuminate/Foundation/Bootstrap/HandleExceptions.php(196): Illuminate\Foundation\Bootstrap\HandleExceptions->renderHttpResponse(Object(Illuminate\Contracts\Container\BindingResolutionException))
#16 /var/www/vendor/laravel/framework/src/Illuminate/Foundation/Bootstrap/HandleExceptions.php(256): Illuminate\Foundation\Bootstrap\HandleExceptions->handleException(Object(Illuminate\Contracts\Container\BindingResolutionException))
#17 [internal function]: Illuminate\Foundation\Bootstrap\HandleExceptions->Illuminate\Foundation\Bootstrap\{closure}(Object(Illuminate\Contracts\Container\BindingResolutionException))
#18 {main}
  thrown {"exception":"[object] (Symfony\\Component\\ErrorHandler\\Error\\FatalError(code: 0): Uncaught ReflectionException: Class \"view\" does not exist in /var/www/vendor/laravel/framework/src/Illuminate/Container/Container.php:1043
Stack trace:
#0 /var/www/vendor/laravel/framework/src/Illuminate/Container/Container.php(1043): ReflectionClass->__construct('view')
#1 /var/www/vendor/laravel/framework/src/Illuminate/Container/Container.php(916): Illuminate\\Container\\Container->build('view')
#2 /var/www/vendor/laravel/framework/src/Illuminate/Foundation/Application.php(1077): Illuminate\\Container\\Container->resolve('view', Array, true)
#3 /var/www/vendor/laravel/framework/src/Illuminate/Container/Container.php(847): Illuminate\\Foundation\\Application->resolve('view', Array)
#4 /var/www/vendor/laravel/framework/src/Illuminate/Foundation/Application.php(1057): Illuminate\\Container\\Container->make('view', Array)
#5 /var/www/vendor/laravel/framework/src/Illuminate/Container/Container.php(1679): Illuminate\\Foundation\\Application->make('view')
#6 /var/www/vendor/laravel/framework/src/Illuminate/Support/Facades/Facade.php(239): Illuminate\\Container\\Container->offsetGet('view')
#7 /var/www/vendor/laravel/framework/src/Illuminate/Support/Facades/Facade.php(210): Illuminate\\Support\\Facades\\Facade::resolveFacadeInstance('view')
#8 /var/www/vendor/laravel/framework/src/Illuminate/Support/Facades/Facade.php(355): Illuminate\\Support\\Facades\\Facade::getFacadeRoot()
#9 /var/www/vendor/laravel/framework/src/Illuminate/Foundation/Exceptions/RegisterErrorViewPaths.php(17): Illuminate\\Support\\Facades\\Facade::__callStatic('replaceNamespac...', Array)
#10 /var/www/vendor/laravel/framework/src/Illuminate/Foundation/Exceptions/Handler.php(948): Illuminate\\Foundation\\Exceptions\\RegisterErrorViewPaths->__invoke()
#11 /var/www/vendor/laravel/framework/src/Illuminate/Foundation/Exceptions/Handler.php(923): Illuminate\\Foundation\\Exceptions\\Handler->registerErrorViewPaths()
#12 /var/www/vendor/laravel/framework/src/Illuminate/Foundation/Exceptions/Handler.php(848): Illuminate\\Foundation\\Exceptions\\Handler->renderHttpException(Object(Symfony\\Component\\HttpKernel\\Exception\\HttpException))
#13 /var/www/vendor/laravel/framework/src/Illuminate/Foundation/Exceptions/Handler.php(739): Illuminate\\Foundation\\Exceptions\\Handler->prepareResponse(Object(Illuminate\\Http\\Request), Object(Symfony\\Component\\HttpKernel\\Exception\\HttpException))
#14 /var/www/vendor/laravel/framework/src/Illuminate/Foundation/Exceptions/Handler.php(627): Illuminate\\Foundation\\Exceptions\\Handler->renderExceptionResponse(Object(Illuminate\\Http\\Request), Object(Illuminate\\Contracts\\Container\\BindingResolutionException))
#15 /var/www/vendor/laravel/framework/src/Illuminate/Foundation/Bootstrap/HandleExceptions.php(219): Illuminate\\Foundation\\Exceptions\\Handler->render(Object(Illuminate\\Http\\Request), Object(Illuminate\\Contracts\\Container\\BindingResolutionException))
#16 /var/www/vendor/laravel/framework/src/Illuminate/Foundation/Bootstrap/HandleExceptions.php(196): Illuminate\\Foundation\\Bootstrap\\HandleExceptions->renderHttpResponse(Object(Illuminate\\Contracts\\Container\\BindingResolutionException))
#17 /var/www/vendor/laravel/framework/src/Illuminate/Foundation/Bootstrap/HandleExceptions.php(256): Illuminate\\Foundation\\Bootstrap\\HandleExceptions->handleException(Object(Illuminate\\Contracts\\Container\\BindingResolutionException))
#18 [internal function]: Illuminate\\Foundation\\Bootstrap\\HandleExceptions->Illuminate\\Foundation\\Bootstrap\\{closure}(Object(Illuminate\\Contracts\\Container\\BindingResolutionException))
#19 {main}

Next Illuminate\\Contracts\\Container\\BindingResolutionException: Target class [view] does not exist. in /var/www/vendor/laravel/framework/src/Illuminate/Container/Container.php:1045
Stack trace:
#0 /var/www/vendor/laravel/framework/src/Illuminate/Container/Container.php(916): Illuminate\\Container\\Container->build('view')
#1 /var/www/vendor/laravel/framework/src/Illuminate/Foundation/Application.php(1077): Illuminate\\Container\\Container->resolve('view', Array, true)
#2 /var/www/vendor/laravel/framework/src/Illuminate/Container/Container.php(847): Illuminate\\Foundation\\Application->resolve('view', Array)
#3 /var/www/vendor/laravel/framework/src/Illuminate/Foundation/Application.php(1057): Illuminate\\Container\\Container->make('view', Array)
#4 /var/www/vendor/laravel/framework/src/Illuminate/Container/Container.php(1679): Illuminate\\Foundation\\Application->make('view')
#5 /var/www/vendor/laravel/framework/src/Illuminate/Support/Facades/Facade.php(239): Illuminate\\Container\\Container->offsetGet('view')
#6 /var/www/vendor/laravel/framework/src/Illuminate/Support/Facades/Facade.php(210): Illuminate\\Support\\Facades\\Facade::resolveFacadeInstance('view')
#7 /var/www/vendor/laravel/framework/src/Illuminate/Support/Facades/Facade.php(355): Illuminate\\Support\\Facades\\Facade::getFacadeRoot()
#8 /var/www/vendor/laravel/framework/src/Illuminate/Foundation/Exceptions/RegisterErrorViewPaths.php(17): Illuminate\\Support\\Facades\\Facade::__callStatic('replaceNamespac...', Array)
#9 /var/www/vendor/laravel/framework/src/Illuminate/Foundation/Exceptions/Handler.php(948): Illuminate\\Foundation\\Exceptions\\RegisterErrorViewPaths->__invoke()
#10 /var/www/vendor/laravel/framework/src/Illuminate/Foundation/Exceptions/Handler.php(923): Illuminate\\Foundation\\Exceptions\\Handler->registerErrorViewPaths()
#11 /var/www/vendor/laravel/framework/src/Illuminate/Foundation/Exceptions/Handler.php(848): Illuminate\\Foundation\\Exceptions\\Handler->renderHttpException(Object(Symfony\\Component\\HttpKernel\\Exception\\HttpException))
#12 /var/www/vendor/laravel/framework/src/Illuminate/Foundation/Exceptions/Handler.php(739): Illuminate\\Foundation\\Exceptions\\Handler->prepareResponse(Object(Illuminate\\Http\\Request), Object(Symfony\\Component\\HttpKernel\\Exception\\HttpException))
#13 /var/www/vendor/laravel/framework/src/Illuminate/Foundation/Exceptions/Handler.php(627): Illuminate\\Foundation\\Exceptions\\Handler->renderExceptionResponse(Object(Illuminate\\Http\\Request), Object(Illuminate\\Contracts\\Container\\BindingResolutionException))
#14 /var/www/vendor/laravel/framework/src/Illuminate/Foundation/Bootstrap/HandleExceptions.php(219): Illuminate\\Foundation\\Exceptions\\Handler->render(Object(Illuminate\\Http\\Request), Object(Illuminate\\Contracts\\Container\\BindingResolutionException))
#15 /var/www/vendor/laravel/framework/src/Illuminate/Foundation/Bootstrap/HandleExceptions.php(196): Illuminate\\Foundation\\Bootstrap\\HandleExceptions->renderHttpResponse(Object(Illuminate\\Contracts\\Container\\BindingResolutionException))
#16 /var/www/vendor/laravel/framework/src/Illuminate/Foundation/Bootstrap/HandleExceptions.php(256): Illuminate\\Foundation\\Bootstrap\\HandleExceptions->handleException(Object(Illuminate\\Contracts\\Container\\BindingResolutionException))
#17 [internal function]: Illuminate\\Foundation\\Bootstrap\\HandleExceptions->Illuminate\\Foundation\\Bootstrap\\{closure}(Object(Illuminate\\Contracts\\Container\\BindingResolutionException))
#18 {main}
  thrown at /var/www/vendor/laravel/framework/src/Illuminate/Container/Container.php:1045)
[stacktrace]
#0 {main}
"} 
[2025-09-05 23:59:29] production.ERROR: chmod(): Operation not permitted {"exception":"[object] (ErrorException(code: 0): chmod(): Operation not permitted at /var/www/vendor/laravel/framework/src/Illuminate/Filesystem/Filesystem.php:228)
[stacktrace]
#0 /var/www/vendor/laravel/framework/src/Illuminate/Foundation/Bootstrap/HandleExceptions.php(256): Illuminate\\Foundation\\Bootstrap\\HandleExceptions->handleError(2, 'chmod(): Operat...', '/var/www/vendor...', 228)
#1 [internal function]: Illuminate\\Foundation\\Bootstrap\\HandleExceptions->Illuminate\\Foundation\\Bootstrap\\{closure}(2, 'chmod(): Operat...', '/var/www/vendor...', 228)
#2 /var/www/vendor/laravel/framework/src/Illuminate/Filesystem/Filesystem.php(228): chmod('/var/www/bootst...', 493)
#3 /var/www/vendor/laravel/framework/src/Illuminate/Foundation/PackageManifest.php(182): Illuminate\\Filesystem\\Filesystem->replace('/var/www/bootst...', '<?php return ar...')
#4 /var/www/vendor/laravel/framework/src/Illuminate/Foundation/PackageManifest.php(132): Illuminate\\Foundation\\PackageManifest->write(Array)
#5 /var/www/vendor/laravel/framework/src/Illuminate/Foundation/PackageManifest.php(108): Illuminate\\Foundation\\PackageManifest->build()
#6 /var/www/vendor/laravel/framework/src/Illuminate/Foundation/PackageManifest.php(90): Illuminate\\Foundation\\PackageManifest->getManifest()
#7 /var/www/vendor/laravel/framework/src/Illuminate/Foundation/PackageManifest.php(79): Illuminate\\Foundation\\PackageManifest->config('aliases')
#8 /var/www/vendor/laravel/framework/src/Illuminate/Foundation/Bootstrap/RegisterFacades.php(26): Illuminate\\Foundation\\PackageManifest->aliases()
#9 /var/www/vendor/laravel/framework/src/Illuminate/Foundation/Application.php(341): Illuminate\\Foundation\\Bootstrap\\RegisterFacades->bootstrap(Object(Illuminate\\Foundation\\Application))
#10 /var/www/vendor/laravel/framework/src/Illuminate/Foundation/Http/Kernel.php(186): Illuminate\\Foundation\\Application->bootstrapWith(Array)
#11 /var/www/vendor/laravel/framework/src/Illuminate/Foundation/Http/Kernel.php(170): Illuminate\\Foundation\\Http\\Kernel->bootstrap()
#12 /var/www/vendor/laravel/framework/src/Illuminate/Foundation/Http/Kernel.php(144): Illuminate\\Foundation\\Http\\Kernel->sendRequestThroughRouter(Object(Illuminate\\Http\\Request))
#13 /var/www/vendor/laravel/framework/src/Illuminate/Foundation/Application.php(1219): Illuminate\\Foundation\\Http\\Kernel->handle(Object(Illuminate\\Http\\Request))
#14 /var/www/public/index.php(20): Illuminate\\Foundation\\Application->handleRequest(Object(Illuminate\\Http\\Request))
#15 {main}
"} 
[2025-09-05 23:59:29] production.ERROR: Target class [view] does not exist. {"exception":"[object] (Illuminate\\Contracts\\Container\\BindingResolutionException(code: 0): Target class [view] does not exist. at /var/www/vendor/laravel/framework/src/Illuminate/Container/Container.php:1045)
[stacktrace]
#0 /var/www/vendor/laravel/framework/src/Illuminate/Container/Container.php(916): Illuminate\\Container\\Container->build('view')
#1 /var/www/vendor/laravel/framework/src/Illuminate/Foundation/Application.php(1077): Illuminate\\Container\\Container->resolve('view', Array, true)
#2 /var/www/vendor/laravel/framework/src/Illuminate/Container/Container.php(847): Illuminate\\Foundation\\Application->resolve('view', Array)
#3 /var/www/vendor/laravel/framework/src/Illuminate/Foundation/Application.php(1057): Illuminate\\Container\\Container->make('view', Array)
#4 /var/www/vendor/laravel/framework/src/Illuminate/Container/Container.php(1679): Illuminate\\Foundation\\Application->make('view')
#5 /var/www/vendor/laravel/framework/src/Illuminate/Support/Facades/Facade.php(239): Illuminate\\Container\\Container->offsetGet('view')
#6 /var/www/vendor/laravel/framework/src/Illuminate/Support/Facades/Facade.php(210): Illuminate\\Support\\Facades\\Facade::resolveFacadeInstance('view')
#7 /var/www/vendor/laravel/framework/src/Illuminate/Support/Facades/Facade.php(355): Illuminate\\Support\\Facades\\Facade::getFacadeRoot()
#8 /var/www/vendor/laravel/framework/src/Illuminate/Foundation/Exceptions/RegisterErrorViewPaths.php(17): Illuminate\\Support\\Facades\\Facade::__callStatic('replaceNamespac...', Array)
#9 /var/www/vendor/laravel/framework/src/Illuminate/Foundation/Exceptions/Handler.php(948): Illuminate\\Foundation\\Exceptions\\RegisterErrorViewPaths->__invoke()
#10 /var/www/vendor/laravel/framework/src/Illuminate/Foundation/Exceptions/Handler.php(923): Illuminate\\Foundation\\Exceptions\\Handler->registerErrorViewPaths()
#11 /var/www/vendor/laravel/framework/src/Illuminate/Foundation/Exceptions/Handler.php(848): Illuminate\\Foundation\\Exceptions\\Handler->renderHttpException(Object(Symfony\\Component\\HttpKernel\\Exception\\HttpException))
#12 /var/www/vendor/laravel/framework/src/Illuminate/Foundation/Exceptions/Handler.php(739): Illuminate\\Foundation\\Exceptions\\Handler->prepareResponse(Object(Illuminate\\Http\\Request), Object(Symfony\\Component\\HttpKernel\\Exception\\HttpException))
#13 /var/www/vendor/laravel/framework/src/Illuminate/Foundation/Exceptions/Handler.php(627): Illuminate\\Foundation\\Exceptions\\Handler->renderExceptionResponse(Object(Illuminate\\Http\\Request), Object(ErrorException))
#14 /var/www/vendor/laravel/framework/src/Illuminate/Foundation/Http/Kernel.php(574): Illuminate\\Foundation\\Exceptions\\Handler->render(Object(Illuminate\\Http\\Request), Object(ErrorException))
#15 /var/www/vendor/laravel/framework/src/Illuminate/Foundation/Http/Kernel.php(148): Illuminate\\Foundation\\Http\\Kernel->renderException(Object(Illuminate\\Http\\Request), Object(ErrorException))
#16 /var/www/vendor/laravel/framework/src/Illuminate/Foundation/Application.php(1219): Illuminate\\Foundation\\Http\\Kernel->handle(Object(Illuminate\\Http\\Request))
#17 /var/www/public/index.php(20): Illuminate\\Foundation\\Application->handleRequest(Object(Illuminate\\Http\\Request))
#18 {main}

[previous exception] [object] (ReflectionException(code: -1): Class \"view\" does not exist at /var/www/vendor/laravel/framework/src/Illuminate/Container/Container.php:1043)
[stacktrace]
#0 /var/www/vendor/laravel/framework/src/Illuminate/Container/Container.php(1043): ReflectionClass->__construct('view')
#1 /var/www/vendor/laravel/framework/src/Illuminate/Container/Container.php(916): Illuminate\\Container\\Container->build('view')
#2 /var/www/vendor/laravel/framework/src/Illuminate/Foundation/Application.php(1077): Illuminate\\Container\\Container->resolve('view', Array, true)
#3 /var/www/vendor/laravel/framework/src/Illuminate/Container/Container.php(847): Illuminate\\Foundation\\Application->resolve('view', Array)
#4 /var/www/vendor/laravel/framework/src/Illuminate/Foundation/Application.php(1057): Illuminate\\Container\\Container->make('view', Array)
#5 /var/www/vendor/laravel/framework/src/Illuminate/Container/Container.php(1679): Illuminate\\Foundation\\Application->make('view')
#6 /var/www/vendor/laravel/framework/src/Illuminate/Support/Facades/Facade.php(239): Illuminate\\Container\\Container->offsetGet('view')
#7 /var/www/vendor/laravel/framework/src/Illuminate/Support/Facades/Facade.php(210): Illuminate\\Support\\Facades\\Facade::resolveFacadeInstance('view')
#8 /var/www/vendor/laravel/framework/src/Illuminate/Support/Facades/Facade.php(355): Illuminate\\Support\\Facades\\Facade::getFacadeRoot()
#9 /var/www/vendor/laravel/framework/src/Illuminate/Foundation/Exceptions/RegisterErrorViewPaths.php(17): Illuminate\\Support\\Facades\\Facade::__callStatic('replaceNamespac...', Array)
#10 /var/www/vendor/laravel/framework/src/Illuminate/Foundation/Exceptions/Handler.php(948): Illuminate\\Foundation\\Exceptions\\RegisterErrorViewPaths->__invoke()
#11 /var/www/vendor/laravel/framework/src/Illuminate/Foundation/Exceptions/Handler.php(923): Illuminate\\Foundation\\Exceptions\\Handler->registerErrorViewPaths()
#12 /var/www/vendor/laravel/framework/src/Illuminate/Foundation/Exceptions/Handler.php(848): Illuminate\\Foundation\\Exceptions\\Handler->renderHttpException(Object(Symfony\\Component\\HttpKernel\\Exception\\HttpException))
#13 /var/www/vendor/laravel/framework/src/Illuminate/Foundation/Exceptions/Handler.php(739): Illuminate\\Foundation\\Exceptions\\Handler->prepareResponse(Object(Illuminate\\Http\\Request), Object(Symfony\\Component\\HttpKernel\\Exception\\HttpException))
#14 /var/www/vendor/laravel/framework/src/Illuminate/Foundation/Exceptions/Handler.php(627): Illuminate\\Foundation\\Exceptions\\Handler->renderExceptionResponse(Object(Illuminate\\Http\\Request), Object(ErrorException))
#15 /var/www/vendor/laravel/framework/src/Illuminate/Foundation/Http/Kernel.php(574): Illuminate\\Foundation\\Exceptions\\Handler->render(Object(Illuminate\\Http\\Request), Object(ErrorException))
#16 /var/www/vendor/laravel/framework/src/Illuminate/Foundation/Http/Kernel.php(148): Illuminate\\Foundation\\Http\\Kernel->renderException(Object(Illuminate\\Http\\Request), Object(ErrorException))
#17 /var/www/vendor/laravel/framework/src/Illuminate/Foundation/Application.php(1219): Illuminate\\Foundation\\Http\\Kernel->handle(Object(Illuminate\\Http\\Request))
#18 /var/www/public/index.php(20): Illuminate\\Foundation\\Application->handleRequest(Object(Illuminate\\Http\\Request))
#19 {main}
"} 
[2025-09-05 23:59:29] production.ERROR: Uncaught ReflectionException: Class "view" does not exist in /var/www/vendor/laravel/framework/src/Illuminate/Container/Container.php:1043
Stack trace:
#0 /var/www/vendor/laravel/framework/src/Illuminate/Container/Container.php(1043): ReflectionClass->__construct('view')
#1 /var/www/vendor/laravel/framework/src/Illuminate/Container/Container.php(916): Illuminate\Container\Container->build('view')
#2 /var/www/vendor/laravel/framework/src/Illuminate/Foundation/Application.php(1077): Illuminate\Container\Container->resolve('view', Array, true)
#3 /var/www/vendor/laravel/framework/src/Illuminate/Container/Container.php(847): Illuminate\Foundation\Application->resolve('view', Array)
#4 /var/www/vendor/laravel/framework/src/Illuminate/Foundation/Application.php(1057): Illuminate\Container\Container->make('view', Array)
#5 /var/www/vendor/laravel/framework/src/Illuminate/Container/Container.php(1679): Illuminate\Foundation\Application->make('view')
#6 /var/www/vendor/laravel/framework/src/Illuminate/Support/Facades/Facade.php(239): Illuminate\Container\Container->offsetGet('view')
#7 /var/www/vendor/laravel/framework/src/Illuminate/Support/Facades/Facade.php(210): Illuminate\Support\Facades\Facade::resolveFacadeInstance('view')
#8 /var/www/vendor/laravel/framework/src/Illuminate/Support/Facades/Facade.php(355): Illuminate\Support\Facades\Facade::getFacadeRoot()
#9 /var/www/vendor/laravel/framework/src/Illuminate/Foundation/Exceptions/RegisterErrorViewPaths.php(17): Illuminate\Support\Facades\Facade::__callStatic('replaceNamespac...', Array)
#10 /var/www/vendor/laravel/framework/src/Illuminate/Foundation/Exceptions/Handler.php(948): Illuminate\Foundation\Exceptions\RegisterErrorViewPaths->__invoke()
#11 /var/www/vendor/laravel/framework/src/Illuminate/Foundation/Exceptions/Handler.php(923): Illuminate\Foundation\Exceptions\Handler->registerErrorViewPaths()
#12 /var/www/vendor/laravel/framework/src/Illuminate/Foundation/Exceptions/Handler.php(848): Illuminate\Foundation\Exceptions\Handler->renderHttpException(Object(Symfony\Component\HttpKernel\Exception\HttpException))
#13 /var/www/vendor/laravel/framework/src/Illuminate/Foundation/Exceptions/Handler.php(739): Illuminate\Foundation\Exceptions\Handler->prepareResponse(Object(Illuminate\Http\Request), Object(Symfony\Component\HttpKernel\Exception\HttpException))
#14 /var/www/vendor/laravel/framework/src/Illuminate/Foundation/Exceptions/Handler.php(627): Illuminate\Foundation\Exceptions\Handler->renderExceptionResponse(Object(Illuminate\Http\Request), Object(Illuminate\Contracts\Container\BindingResolutionException))
#15 /var/www/vendor/laravel/framework/src/Illuminate/Foundation/Bootstrap/HandleExceptions.php(219): Illuminate\Foundation\Exceptions\Handler->render(Object(Illuminate\Http\Request), Object(Illuminate\Contracts\Container\BindingResolutionException))
#16 /var/www/vendor/laravel/framework/src/Illuminate/Foundation/Bootstrap/HandleExceptions.php(196): Illuminate\Foundation\Bootstrap\HandleExceptions->renderHttpResponse(Object(Illuminate\Contracts\Container\BindingResolutionException))
#17 /var/www/vendor/laravel/framework/src/Illuminate/Foundation/Bootstrap/HandleExceptions.php(256): Illuminate\Foundation\Bootstrap\HandleExceptions->handleException(Object(Illuminate\Contracts\Container\BindingResolutionException))
#18 [internal function]: Illuminate\Foundation\Bootstrap\HandleExceptions->Illuminate\Foundation\Bootstrap\{closure}(Object(Illuminate\Contracts\Container\BindingResolutionException))
#19 {main}

Next Illuminate\Contracts\Container\BindingResolutionException: Target class [view] does not exist. in /var/www/vendor/laravel/framework/src/Illuminate/Container/Container.php:1045
Stack trace:
#0 /var/www/vendor/laravel/framework/src/Illuminate/Container/Container.php(916): Illuminate\Container\Container->build('view')
#1 /var/www/vendor/laravel/framework/src/Illuminate/Foundation/Application.php(1077): Illuminate\Container\Container->resolve('view', Array, true)
#2 /var/www/vendor/laravel/framework/src/Illuminate/Container/Container.php(847): Illuminate\Foundation\Application->resolve('view', Array)
#3 /var/www/vendor/laravel/framework/src/Illuminate/Foundation/Application.php(1057): Illuminate\Container\Container->make('view', Array)
#4 /var/www/vendor/laravel/framework/src/Illuminate/Container/Container.php(1679): Illuminate\Foundation\Application->make('view')
#5 /var/www/vendor/laravel/framework/src/Illuminate/Support/Facades/Facade.php(239): Illuminate\Container\Container->offsetGet('view')
#6 /var/www/vendor/laravel/framework/src/Illuminate/Support/Facades/Facade.php(210): Illuminate\Support\Facades\Facade::resolveFacadeInstance('view')
#7 /var/www/vendor/laravel/framework/src/Illuminate/Support/Facades/Facade.php(355): Illuminate\Support\Facades\Facade::getFacadeRoot()
#8 /var/www/vendor/laravel/framework/src/Illuminate/Foundation/Exceptions/RegisterErrorViewPaths.php(17): Illuminate\Support\Facades\Facade::__callStatic('replaceNamespac...', Array)
#9 /var/www/vendor/laravel/framework/src/Illuminate/Foundation/Exceptions/Handler.php(948): Illuminate\Foundation\Exceptions\RegisterErrorViewPaths->__invoke()
#10 /var/www/vendor/laravel/framework/src/Illuminate/Foundation/Exceptions/Handler.php(923): Illuminate\Foundation\Exceptions\Handler->registerErrorViewPaths()
#11 /var/www/vendor/laravel/framework/src/Illuminate/Foundation/Exceptions/Handler.php(848): Illuminate\Foundation\Exceptions\Handler->renderHttpException(Object(Symfony\Component\HttpKernel\Exception\HttpException))
#12 /var/www/vendor/laravel/framework/src/Illuminate/Foundation/Exceptions/Handler.php(739): Illuminate\Foundation\Exceptions\Handler->prepareResponse(Object(Illuminate\Http\Request), Object(Symfony\Component\HttpKernel\Exception\HttpException))
#13 /var/www/vendor/laravel/framework/src/Illuminate/Foundation/Exceptions/Handler.php(627): Illuminate\Foundation\Exceptions\Handler->renderExceptionResponse(Object(Illuminate\Http\Request), Object(Illuminate\Contracts\Container\BindingResolutionException))
#14 /var/www/vendor/laravel/framework/src/Illuminate/Foundation/Bootstrap/HandleExceptions.php(219): Illuminate\Foundation\Exceptions\Handler->render(Object(Illuminate\Http\Request), Object(Illuminate\Contracts\Container\BindingResolutionException))
#15 /var/www/vendor/laravel/framework/src/Illuminate/Foundation/Bootstrap/HandleExceptions.php(196): Illuminate\Foundation\Bootstrap\HandleExceptions->renderHttpResponse(Object(Illuminate\Contracts\Container\BindingResolutionException))
#16 /var/www/vendor/laravel/framework/src/Illuminate/Foundation/Bootstrap/HandleExceptions.php(256): Illuminate\Foundation\Bootstrap\HandleExceptions->handleException(Object(Illuminate\Contracts\Container\BindingResolutionException))
#17 [internal function]: Illuminate\Foundation\Bootstrap\HandleExceptions->Illuminate\Foundation\Bootstrap\{closure}(Object(Illuminate\Contracts\Container\BindingResolutionException))
#18 {main}
  thrown {"exception":"[object] (Symfony\\Component\\ErrorHandler\\Error\\FatalError(code: 0): Uncaught ReflectionException: Class \"view\" does not exist in /var/www/vendor/laravel/framework/src/Illuminate/Container/Container.php:1043
Stack trace:
#0 /var/www/vendor/laravel/framework/src/Illuminate/Container/Container.php(1043): ReflectionClass->__construct('view')
#1 /var/www/vendor/laravel/framework/src/Illuminate/Container/Container.php(916): Illuminate\\Container\\Container->build('view')
#2 /var/www/vendor/laravel/framework/src/Illuminate/Foundation/Application.php(1077): Illuminate\\Container\\Container->resolve('view', Array, true)
#3 /var/www/vendor/laravel/framework/src/Illuminate/Container/Container.php(847): Illuminate\\Foundation\\Application->resolve('view', Array)
#4 /var/www/vendor/laravel/framework/src/Illuminate/Foundation/Application.php(1057): Illuminate\\Container\\Container->make('view', Array)
#5 /var/www/vendor/laravel/framework/src/Illuminate/Container/Container.php(1679): Illuminate\\Foundation\\Application->make('view')
#6 /var/www/vendor/laravel/framework/src/Illuminate/Support/Facades/Facade.php(239): Illuminate\\Container\\Container->offsetGet('view')
#7 /var/www/vendor/laravel/framework/src/Illuminate/Support/Facades/Facade.php(210): Illuminate\\Support\\Facades\\Facade::resolveFacadeInstance('view')
#8 /var/www/vendor/laravel/framework/src/Illuminate/Support/Facades/Facade.php(355): Illuminate\\Support\\Facades\\Facade::getFacadeRoot()
#9 /var/www/vendor/laravel/framework/src/Illuminate/Foundation/Exceptions/RegisterErrorViewPaths.php(17): Illuminate\\Support\\Facades\\Facade::__callStatic('replaceNamespac...', Array)
#10 /var/www/vendor/laravel/framework/src/Illuminate/Foundation/Exceptions/Handler.php(948): Illuminate\\Foundation\\Exceptions\\RegisterErrorViewPaths->__invoke()
#11 /var/www/vendor/laravel/framework/src/Illuminate/Foundation/Exceptions/Handler.php(923): Illuminate\\Foundation\\Exceptions\\Handler->registerErrorViewPaths()
#12 /var/www/vendor/laravel/framework/src/Illuminate/Foundation/Exceptions/Handler.php(848): Illuminate\\Foundation\\Exceptions\\Handler->renderHttpException(Object(Symfony\\Component\\HttpKernel\\Exception\\HttpException))
#13 /var/www/vendor/laravel/framework/src/Illuminate/Foundation/Exceptions/Handler.php(739): Illuminate\\Foundation\\Exceptions\\Handler->prepareResponse(Object(Illuminate\\Http\\Request), Object(Symfony\\Component\\HttpKernel\\Exception\\HttpException))
#14 /var/www/vendor/laravel/framework/src/Illuminate/Foundation/Exceptions/Handler.php(627): Illuminate\\Foundation\\Exceptions\\Handler->renderExceptionResponse(Object(Illuminate\\Http\\Request), Object(Illuminate\\Contracts\\Container\\BindingResolutionException))
#15 /var/www/vendor/laravel/framework/src/Illuminate/Foundation/Bootstrap/HandleExceptions.php(219): Illuminate\\Foundation\\Exceptions\\Handler->render(Object(Illuminate\\Http\\Request), Object(Illuminate\\Contracts\\Container\\BindingResolutionException))
#16 /var/www/vendor/laravel/framework/src/Illuminate/Foundation/Bootstrap/HandleExceptions.php(196): Illuminate\\Foundation\\Bootstrap\\HandleExceptions->renderHttpResponse(Object(Illuminate\\Contracts\\Container\\BindingResolutionException))
#17 /var/www/vendor/laravel/framework/src/Illuminate/Foundation/Bootstrap/HandleExceptions.php(256): Illuminate\\Foundation\\Bootstrap\\HandleExceptions->handleException(Object(Illuminate\\Contracts\\Container\\BindingResolutionException))
#18 [internal function]: Illuminate\\Foundation\\Bootstrap\\HandleExceptions->Illuminate\\Foundation\\Bootstrap\\{closure}(Object(Illuminate\\Contracts\\Container\\BindingResolutionException))
#19 {main}

Next Illuminate\\Contracts\\Container\\BindingResolutionException: Target class [view] does not exist. in /var/www/vendor/laravel/framework/src/Illuminate/Container/Container.php:1045
Stack trace:
#0 /var/www/vendor/laravel/framework/src/Illuminate/Container/Container.php(916): Illuminate\\Container\\Container->build('view')
#1 /var/www/vendor/laravel/framework/src/Illuminate/Foundation/Application.php(1077): Illuminate\\Container\\Container->resolve('view', Array, true)
#2 /var/www/vendor/laravel/framework/src/Illuminate/Container/Container.php(847): Illuminate\\Foundation\\Application->resolve('view', Array)
#3 /var/www/vendor/laravel/framework/src/Illuminate/Foundation/Application.php(1057): Illuminate\\Container\\Container->make('view', Array)
#4 /var/www/vendor/laravel/framework/src/Illuminate/Container/Container.php(1679): Illuminate\\Foundation\\Application->make('view')
#5 /var/www/vendor/laravel/framework/src/Illuminate/Support/Facades/Facade.php(239): Illuminate\\Container\\Container->offsetGet('view')
#6 /var/www/vendor/laravel/framework/src/Illuminate/Support/Facades/Facade.php(210): Illuminate\\Support\\Facades\\Facade::resolveFacadeInstance('view')
#7 /var/www/vendor/laravel/framework/src/Illuminate/Support/Facades/Facade.php(355): Illuminate\\Support\\Facades\\Facade::getFacadeRoot()
#8 /var/www/vendor/laravel/framework/src/Illuminate/Foundation/Exceptions/RegisterErrorViewPaths.php(17): Illuminate\\Support\\Facades\\Facade::__callStatic('replaceNamespac...', Array)
#9 /var/www/vendor/laravel/framework/src/Illuminate/Foundation/Exceptions/Handler.php(948): Illuminate\\Foundation\\Exceptions\\RegisterErrorViewPaths->__invoke()
#10 /var/www/vendor/laravel/framework/src/Illuminate/Foundation/Exceptions/Handler.php(923): Illuminate\\Foundation\\Exceptions\\Handler->registerErrorViewPaths()
#11 /var/www/vendor/laravel/framework/src/Illuminate/Foundation/Exceptions/Handler.php(848): Illuminate\\Foundation\\Exceptions\\Handler->renderHttpException(Object(Symfony\\Component\\HttpKernel\\Exception\\HttpException))
#12 /var/www/vendor/laravel/framework/src/Illuminate/Foundation/Exceptions/Handler.php(739): Illuminate\\Foundation\\Exceptions\\Handler->prepareResponse(Object(Illuminate\\Http\\Request), Object(Symfony\\Component\\HttpKernel\\Exception\\HttpException))
#13 /var/www/vendor/laravel/framework/src/Illuminate/Foundation/Exceptions/Handler.php(627): Illuminate\\Foundation\\Exceptions\\Handler->renderExceptionResponse(Object(Illuminate\\Http\\Request), Object(Illuminate\\Contracts\\Container\\BindingResolutionException))
#14 /var/www/vendor/laravel/framework/src/Illuminate/Foundation/Bootstrap/HandleExceptions.php(219): Illuminate\\Foundation\\Exceptions\\Handler->render(Object(Illuminate\\Http\\Request), Object(Illuminate\\Contracts\\Container\\BindingResolutionException))
#15 /var/www/vendor/laravel/framework/src/Illuminate/Foundation/Bootstrap/HandleExceptions.php(196): Illuminate\\Foundation\\Bootstrap\\HandleExceptions->renderHttpResponse(Object(Illuminate\\Contracts\\Container\\BindingResolutionException))
#16 /var/www/vendor/laravel/framework/src/Illuminate/Foundation/Bootstrap/HandleExceptions.php(256): Illuminate\\Foundation\\Bootstrap\\HandleExceptions->handleException(Object(Illuminate\\Contracts\\Container\\BindingResolutionException))
#17 [internal function]: Illuminate\\Foundation\\Bootstrap\\HandleExceptions->Illuminate\\Foundation\\Bootstrap\\{closure}(Object(Illuminate\\Contracts\\Container\\BindingResolutionException))
#18 {main}
  thrown at /var/www/vendor/laravel/framework/src/Illuminate/Container/Container.php:1045)
[stacktrace]
#0 {main}
"} 
[2025-09-06 00:08:27] production.ERROR: chmod(): Operation not permitted {"exception":"[object] (ErrorException(code: 0): chmod(): Operation not permitted at /var/www/vendor/laravel/framework/src/Illuminate/Filesystem/Filesystem.php:228)
[stacktrace]
#0 /var/www/vendor/laravel/framework/src/Illuminate/Foundation/Bootstrap/HandleExceptions.php(256): Illuminate\\Foundation\\Bootstrap\\HandleExceptions->handleError(2, 'chmod(): Operat...', '/var/www/vendor...', 228)
#1 [internal function]: Illuminate\\Foundation\\Bootstrap\\HandleExceptions->Illuminate\\Foundation\\Bootstrap\\{closure}(2, 'chmod(): Operat...', '/var/www/vendor...', 228)
#2 /var/www/vendor/laravel/framework/src/Illuminate/Filesystem/Filesystem.php(228): chmod('/var/www/bootst...', 493)
#3 /var/www/vendor/laravel/framework/src/Illuminate/Foundation/PackageManifest.php(182): Illuminate\\Filesystem\\Filesystem->replace('/var/www/bootst...', '<?php return ar...')
#4 /var/www/vendor/laravel/framework/src/Illuminate/Foundation/PackageManifest.php(132): Illuminate\\Foundation\\PackageManifest->write(Array)
#5 /var/www/vendor/laravel/framework/src/Illuminate/Foundation/PackageManifest.php(108): Illuminate\\Foundation\\PackageManifest->build()
#6 /var/www/vendor/laravel/framework/src/Illuminate/Foundation/PackageManifest.php(90): Illuminate\\Foundation\\PackageManifest->getManifest()
#7 /var/www/vendor/laravel/framework/src/Illuminate/Foundation/PackageManifest.php(79): Illuminate\\Foundation\\PackageManifest->config('aliases')
#8 /var/www/vendor/laravel/framework/src/Illuminate/Foundation/Bootstrap/RegisterFacades.php(26): Illuminate\\Foundation\\PackageManifest->aliases()
#9 /var/www/vendor/laravel/framework/src/Illuminate/Foundation/Application.php(341): Illuminate\\Foundation\\Bootstrap\\RegisterFacades->bootstrap(Object(Illuminate\\Foundation\\Application))
#10 /var/www/vendor/laravel/framework/src/Illuminate/Foundation/Http/Kernel.php(186): Illuminate\\Foundation\\Application->bootstrapWith(Array)
#11 /var/www/vendor/laravel/framework/src/Illuminate/Foundation/Http/Kernel.php(170): Illuminate\\Foundation\\Http\\Kernel->bootstrap()
#12 /var/www/vendor/laravel/framework/src/Illuminate/Foundation/Http/Kernel.php(144): Illuminate\\Foundation\\Http\\Kernel->sendRequestThroughRouter(Object(Illuminate\\Http\\Request))
#13 /var/www/vendor/laravel/framework/src/Illuminate/Foundation/Application.php(1219): Illuminate\\Foundation\\Http\\Kernel->handle(Object(Illuminate\\Http\\Request))
#14 /var/www/public/index.php(20): Illuminate\\Foundation\\Application->handleRequest(Object(Illuminate\\Http\\Request))
#15 {main}
"} 
[2025-09-06 00:08:27] production.ERROR: Target class [view] does not exist. {"exception":"[object] (Illuminate\\Contracts\\Container\\BindingResolutionException(code: 0): Target class [view] does not exist. at /var/www/vendor/laravel/framework/src/Illuminate/Container/Container.php:1045)
[stacktrace]
#0 /var/www/vendor/laravel/framework/src/Illuminate/Container/Container.php(916): Illuminate\\Container\\Container->build('view')
#1 /var/www/vendor/laravel/framework/src/Illuminate/Foundation/Application.php(1077): Illuminate\\Container\\Container->resolve('view', Array, true)
#2 /var/www/vendor/laravel/framework/src/Illuminate/Container/Container.php(847): Illuminate\\Foundation\\Application->resolve('view', Array)
#3 /var/www/vendor/laravel/framework/src/Illuminate/Foundation/Application.php(1057): Illuminate\\Container\\Container->make('view', Array)
#4 /var/www/vendor/laravel/framework/src/Illuminate/Container/Container.php(1679): Illuminate\\Foundation\\Application->make('view')
#5 /var/www/vendor/laravel/framework/src/Illuminate/Support/Facades/Facade.php(239): Illuminate\\Container\\Container->offsetGet('view')
#6 /var/www/vendor/laravel/framework/src/Illuminate/Support/Facades/Facade.php(210): Illuminate\\Support\\Facades\\Facade::resolveFacadeInstance('view')
#7 /var/www/vendor/laravel/framework/src/Illuminate/Support/Facades/Facade.php(355): Illuminate\\Support\\Facades\\Facade::getFacadeRoot()
#8 /var/www/vendor/laravel/framework/src/Illuminate/Foundation/Exceptions/RegisterErrorViewPaths.php(17): Illuminate\\Support\\Facades\\Facade::__callStatic('replaceNamespac...', Array)
#9 /var/www/vendor/laravel/framework/src/Illuminate/Foundation/Exceptions/Handler.php(948): Illuminate\\Foundation\\Exceptions\\RegisterErrorViewPaths->__invoke()
#10 /var/www/vendor/laravel/framework/src/Illuminate/Foundation/Exceptions/Handler.php(923): Illuminate\\Foundation\\Exceptions\\Handler->registerErrorViewPaths()
#11 /var/www/vendor/laravel/framework/src/Illuminate/Foundation/Exceptions/Handler.php(848): Illuminate\\Foundation\\Exceptions\\Handler->renderHttpException(Object(Symfony\\Component\\HttpKernel\\Exception\\HttpException))
#12 /var/www/vendor/laravel/framework/src/Illuminate/Foundation/Exceptions/Handler.php(739): Illuminate\\Foundation\\Exceptions\\Handler->prepareResponse(Object(Illuminate\\Http\\Request), Object(Symfony\\Component\\HttpKernel\\Exception\\HttpException))
#13 /var/www/vendor/laravel/framework/src/Illuminate/Foundation/Exceptions/Handler.php(627): Illuminate\\Foundation\\Exceptions\\Handler->renderExceptionResponse(Object(Illuminate\\Http\\Request), Object(ErrorException))
#14 /var/www/vendor/laravel/framework/src/Illuminate/Foundation/Http/Kernel.php(574): Illuminate\\Foundation\\Exceptions\\Handler->render(Object(Illuminate\\Http\\Request), Object(ErrorException))
#15 /var/www/vendor/laravel/framework/src/Illuminate/Foundation/Http/Kernel.php(148): Illuminate\\Foundation\\Http\\Kernel->renderException(Object(Illuminate\\Http\\Request), Object(ErrorException))
#16 /var/www/vendor/laravel/framework/src/Illuminate/Foundation/Application.php(1219): Illuminate\\Foundation\\Http\\Kernel->handle(Object(Illuminate\\Http\\Request))
#17 /var/www/public/index.php(20): Illuminate\\Foundation\\Application->handleRequest(Object(Illuminate\\Http\\Request))
#18 {main}

[previous exception] [object] (ReflectionException(code: -1): Class \"view\" does not exist at /var/www/vendor/laravel/framework/src/Illuminate/Container/Container.php:1043)
[stacktrace]
#0 /var/www/vendor/laravel/framework/src/Illuminate/Container/Container.php(1043): ReflectionClass->__construct('view')
#1 /var/www/vendor/laravel/framework/src/Illuminate/Container/Container.php(916): Illuminate\\Container\\Container->build('view')
#2 /var/www/vendor/laravel/framework/src/Illuminate/Foundation/Application.php(1077): Illuminate\\Container\\Container->resolve('view', Array, true)
#3 /var/www/vendor/laravel/framework/src/Illuminate/Container/Container.php(847): Illuminate\\Foundation\\Application->resolve('view', Array)
#4 /var/www/vendor/laravel/framework/src/Illuminate/Foundation/Application.php(1057): Illuminate\\Container\\Container->make('view', Array)
#5 /var/www/vendor/laravel/framework/src/Illuminate/Container/Container.php(1679): Illuminate\\Foundation\\Application->make('view')
#6 /var/www/vendor/laravel/framework/src/Illuminate/Support/Facades/Facade.php(239): Illuminate\\Container\\Container->offsetGet('view')
#7 /var/www/vendor/laravel/framework/src/Illuminate/Support/Facades/Facade.php(210): Illuminate\\Support\\Facades\\Facade::resolveFacadeInstance('view')
#8 /var/www/vendor/laravel/framework/src/Illuminate/Support/Facades/Facade.php(355): Illuminate\\Support\\Facades\\Facade::getFacadeRoot()
#9 /var/www/vendor/laravel/framework/src/Illuminate/Foundation/Exceptions/RegisterErrorViewPaths.php(17): Illuminate\\Support\\Facades\\Facade::__callStatic('replaceNamespac...', Array)
#10 /var/www/vendor/laravel/framework/src/Illuminate/Foundation/Exceptions/Handler.php(948): Illuminate\\Foundation\\Exceptions\\RegisterErrorViewPaths->__invoke()
#11 /var/www/vendor/laravel/framework/src/Illuminate/Foundation/Exceptions/Handler.php(923): Illuminate\\Foundation\\Exceptions\\Handler->registerErrorViewPaths()
#12 /var/www/vendor/laravel/framework/src/Illuminate/Foundation/Exceptions/Handler.php(848): Illuminate\\Foundation\\Exceptions\\Handler->renderHttpException(Object(Symfony\\Component\\HttpKernel\\Exception\\HttpException))
#13 /var/www/vendor/laravel/framework/src/Illuminate/Foundation/Exceptions/Handler.php(739): Illuminate\\Foundation\\Exceptions\\Handler->prepareResponse(Object(Illuminate\\Http\\Request), Object(Symfony\\Component\\HttpKernel\\Exception\\HttpException))
#14 /var/www/vendor/laravel/framework/src/Illuminate/Foundation/Exceptions/Handler.php(627): Illuminate\\Foundation\\Exceptions\\Handler->renderExceptionResponse(Object(Illuminate\\Http\\Request), Object(ErrorException))
#15 /var/www/vendor/laravel/framework/src/Illuminate/Foundation/Http/Kernel.php(574): Illuminate\\Foundation\\Exceptions\\Handler->render(Object(Illuminate\\Http\\Request), Object(ErrorException))
#16 /var/www/vendor/laravel/framework/src/Illuminate/Foundation/Http/Kernel.php(148): Illuminate\\Foundation\\Http\\Kernel->renderException(Object(Illuminate\\Http\\Request), Object(ErrorException))
#17 /var/www/vendor/laravel/framework/src/Illuminate/Foundation/Application.php(1219): Illuminate\\Foundation\\Http\\Kernel->handle(Object(Illuminate\\Http\\Request))
#18 /var/www/public/index.php(20): Illuminate\\Foundation\\Application->handleRequest(Object(Illuminate\\Http\\Request))
#19 {main}
"} 
[2025-09-06 00:08:27] production.ERROR: Uncaught ReflectionException: Class "view" does not exist in /var/www/vendor/laravel/framework/src/Illuminate/Container/Container.php:1043
Stack trace:
#0 /var/www/vendor/laravel/framework/src/Illuminate/Container/Container.php(1043): ReflectionClass->__construct('view')
#1 /var/www/vendor/laravel/framework/src/Illuminate/Container/Container.php(916): Illuminate\Container\Container->build('view')
#2 /var/www/vendor/laravel/framework/src/Illuminate/Foundation/Application.php(1077): Illuminate\Container\Container->resolve('view', Array, true)
#3 /var/www/vendor/laravel/framework/src/Illuminate/Container/Container.php(847): Illuminate\Foundation\Application->resolve('view', Array)
#4 /var/www/vendor/laravel/framework/src/Illuminate/Foundation/Application.php(1057): Illuminate\Container\Container->make('view', Array)
#5 /var/www/vendor/laravel/framework/src/Illuminate/Container/Container.php(1679): Illuminate\Foundation\Application->make('view')
#6 /var/www/vendor/laravel/framework/src/Illuminate/Support/Facades/Facade.php(239): Illuminate\Container\Container->offsetGet('view')
#7 /var/www/vendor/laravel/framework/src/Illuminate/Support/Facades/Facade.php(210): Illuminate\Support\Facades\Facade::resolveFacadeInstance('view')
#8 /var/www/vendor/laravel/framework/src/Illuminate/Support/Facades/Facade.php(355): Illuminate\Support\Facades\Facade::getFacadeRoot()
#9 /var/www/vendor/laravel/framework/src/Illuminate/Foundation/Exceptions/RegisterErrorViewPaths.php(17): Illuminate\Support\Facades\Facade::__callStatic('replaceNamespac...', Array)
#10 /var/www/vendor/laravel/framework/src/Illuminate/Foundation/Exceptions/Handler.php(948): Illuminate\Foundation\Exceptions\RegisterErrorViewPaths->__invoke()
#11 /var/www/vendor/laravel/framework/src/Illuminate/Foundation/Exceptions/Handler.php(923): Illuminate\Foundation\Exceptions\Handler->registerErrorViewPaths()
#12 /var/www/vendor/laravel/framework/src/Illuminate/Foundation/Exceptions/Handler.php(848): Illuminate\Foundation\Exceptions\Handler->renderHttpException(Object(Symfony\Component\HttpKernel\Exception\HttpException))
#13 /var/www/vendor/laravel/framework/src/Illuminate/Foundation/Exceptions/Handler.php(739): Illuminate\Foundation\Exceptions\Handler->prepareResponse(Object(Illuminate\Http\Request), Object(Symfony\Component\HttpKernel\Exception\HttpException))
#14 /var/www/vendor/laravel/framework/src/Illuminate/Foundation/Exceptions/Handler.php(627): Illuminate\Foundation\Exceptions\Handler->renderExceptionResponse(Object(Illuminate\Http\Request), Object(Illuminate\Contracts\Container\BindingResolutionException))
#15 /var/www/vendor/laravel/framework/src/Illuminate/Foundation/Bootstrap/HandleExceptions.php(219): Illuminate\Foundation\Exceptions\Handler->render(Object(Illuminate\Http\Request), Object(Illuminate\Contracts\Container\BindingResolutionException))
#16 /var/www/vendor/laravel/framework/src/Illuminate/Foundation/Bootstrap/HandleExceptions.php(196): Illuminate\Foundation\Bootstrap\HandleExceptions->renderHttpResponse(Object(Illuminate\Contracts\Container\BindingResolutionException))
#17 /var/www/vendor/laravel/framework/src/Illuminate/Foundation/Bootstrap/HandleExceptions.php(256): Illuminate\Foundation\Bootstrap\HandleExceptions->handleException(Object(Illuminate\Contracts\Container\BindingResolutionException))
#18 [internal function]: Illuminate\Foundation\Bootstrap\HandleExceptions->Illuminate\Foundation\Bootstrap\{closure}(Object(Illuminate\Contracts\Container\BindingResolutionException))
#19 {main}

Next Illuminate\Contracts\Container\BindingResolutionException: Target class [view] does not exist. in /var/www/vendor/laravel/framework/src/Illuminate/Container/Container.php:1045
Stack trace:
#0 /var/www/vendor/laravel/framework/src/Illuminate/Container/Container.php(916): Illuminate\Container\Container->build('view')
#1 /var/www/vendor/laravel/framework/src/Illuminate/Foundation/Application.php(1077): Illuminate\Container\Container->resolve('view', Array, true)
#2 /var/www/vendor/laravel/framework/src/Illuminate/Container/Container.php(847): Illuminate\Foundation\Application->resolve('view', Array)
#3 /var/www/vendor/laravel/framework/src/Illuminate/Foundation/Application.php(1057): Illuminate\Container\Container->make('view', Array)
#4 /var/www/vendor/laravel/framework/src/Illuminate/Container/Container.php(1679): Illuminate\Foundation\Application->make('view')
#5 /var/www/vendor/laravel/framework/src/Illuminate/Support/Facades/Facade.php(239): Illuminate\Container\Container->offsetGet('view')
#6 /var/www/vendor/laravel/framework/src/Illuminate/Support/Facades/Facade.php(210): Illuminate\Support\Facades\Facade::resolveFacadeInstance('view')
#7 /var/www/vendor/laravel/framework/src/Illuminate/Support/Facades/Facade.php(355): Illuminate\Support\Facades\Facade::getFacadeRoot()
#8 /var/www/vendor/laravel/framework/src/Illuminate/Foundation/Exceptions/RegisterErrorViewPaths.php(17): Illuminate\Support\Facades\Facade::__callStatic('replaceNamespac...', Array)
#9 /var/www/vendor/laravel/framework/src/Illuminate/Foundation/Exceptions/Handler.php(948): Illuminate\Foundation\Exceptions\RegisterErrorViewPaths->__invoke()
#10 /var/www/vendor/laravel/framework/src/Illuminate/Foundation/Exceptions/Handler.php(923): Illuminate\Foundation\Exceptions\Handler->registerErrorViewPaths()
#11 /var/www/vendor/laravel/framework/src/Illuminate/Foundation/Exceptions/Handler.php(848): Illuminate\Foundation\Exceptions\Handler->renderHttpException(Object(Symfony\Component\HttpKernel\Exception\HttpException))
#12 /var/www/vendor/laravel/framework/src/Illuminate/Foundation/Exceptions/Handler.php(739): Illuminate\Foundation\Exceptions\Handler->prepareResponse(Object(Illuminate\Http\Request), Object(Symfony\Component\HttpKernel\Exception\HttpException))
#13 /var/www/vendor/laravel/framework/src/Illuminate/Foundation/Exceptions/Handler.php(627): Illuminate\Foundation\Exceptions\Handler->renderExceptionResponse(Object(Illuminate\Http\Request), Object(Illuminate\Contracts\Container\BindingResolutionException))
#14 /var/www/vendor/laravel/framework/src/Illuminate/Foundation/Bootstrap/HandleExceptions.php(219): Illuminate\Foundation\Exceptions\Handler->render(Object(Illuminate\Http\Request), Object(Illuminate\Contracts\Container\BindingResolutionException))
#15 /var/www/vendor/laravel/framework/src/Illuminate/Foundation/Bootstrap/HandleExceptions.php(196): Illuminate\Foundation\Bootstrap\HandleExceptions->renderHttpResponse(Object(Illuminate\Contracts\Container\BindingResolutionException))
#16 /var/www/vendor/laravel/framework/src/Illuminate/Foundation/Bootstrap/HandleExceptions.php(256): Illuminate\Foundation\Bootstrap\HandleExceptions->handleException(Object(Illuminate\Contracts\Container\BindingResolutionException))
#17 [internal function]: Illuminate\Foundation\Bootstrap\HandleExceptions->Illuminate\Foundation\Bootstrap\{closure}(Object(Illuminate\Contracts\Container\BindingResolutionException))
#18 {main}
  thrown {"exception":"[object] (Symfony\\Component\\ErrorHandler\\Error\\FatalError(code: 0): Uncaught ReflectionException: Class \"view\" does not exist in /var/www/vendor/laravel/framework/src/Illuminate/Container/Container.php:1043
Stack trace:
#0 /var/www/vendor/laravel/framework/src/Illuminate/Container/Container.php(1043): ReflectionClass->__construct('view')
#1 /var/www/vendor/laravel/framework/src/Illuminate/Container/Container.php(916): Illuminate\\Container\\Container->build('view')
#2 /var/www/vendor/laravel/framework/src/Illuminate/Foundation/Application.php(1077): Illuminate\\Container\\Container->resolve('view', Array, true)
#3 /var/www/vendor/laravel/framework/src/Illuminate/Container/Container.php(847): Illuminate\\Foundation\\Application->resolve('view', Array)
#4 /var/www/vendor/laravel/framework/src/Illuminate/Foundation/Application.php(1057): Illuminate\\Container\\Container->make('view', Array)
#5 /var/www/vendor/laravel/framework/src/Illuminate/Container/Container.php(1679): Illuminate\\Foundation\\Application->make('view')
#6 /var/www/vendor/laravel/framework/src/Illuminate/Support/Facades/Facade.php(239): Illuminate\\Container\\Container->offsetGet('view')
#7 /var/www/vendor/laravel/framework/src/Illuminate/Support/Facades/Facade.php(210): Illuminate\\Support\\Facades\\Facade::resolveFacadeInstance('view')
#8 /var/www/vendor/laravel/framework/src/Illuminate/Support/Facades/Facade.php(355): Illuminate\\Support\\Facades\\Facade::getFacadeRoot()
#9 /var/www/vendor/laravel/framework/src/Illuminate/Foundation/Exceptions/RegisterErrorViewPaths.php(17): Illuminate\\Support\\Facades\\Facade::__callStatic('replaceNamespac...', Array)
#10 /var/www/vendor/laravel/framework/src/Illuminate/Foundation/Exceptions/Handler.php(948): Illuminate\\Foundation\\Exceptions\\RegisterErrorViewPaths->__invoke()
#11 /var/www/vendor/laravel/framework/src/Illuminate/Foundation/Exceptions/Handler.php(923): Illuminate\\Foundation\\Exceptions\\Handler->registerErrorViewPaths()
#12 /var/www/vendor/laravel/framework/src/Illuminate/Foundation/Exceptions/Handler.php(848): Illuminate\\Foundation\\Exceptions\\Handler->renderHttpException(Object(Symfony\\Component\\HttpKernel\\Exception\\HttpException))
#13 /var/www/vendor/laravel/framework/src/Illuminate/Foundation/Exceptions/Handler.php(739): Illuminate\\Foundation\\Exceptions\\Handler->prepareResponse(Object(Illuminate\\Http\\Request), Object(Symfony\\Component\\HttpKernel\\Exception\\HttpException))
#14 /var/www/vendor/laravel/framework/src/Illuminate/Foundation/Exceptions/Handler.php(627): Illuminate\\Foundation\\Exceptions\\Handler->renderExceptionResponse(Object(Illuminate\\Http\\Request), Object(Illuminate\\Contracts\\Container\\BindingResolutionException))
#15 /var/www/vendor/laravel/framework/src/Illuminate/Foundation/Bootstrap/HandleExceptions.php(219): Illuminate\\Foundation\\Exceptions\\Handler->render(Object(Illuminate\\Http\\Request), Object(Illuminate\\Contracts\\Container\\BindingResolutionException))
#16 /var/www/vendor/laravel/framework/src/Illuminate/Foundation/Bootstrap/HandleExceptions.php(196): Illuminate\\Foundation\\Bootstrap\\HandleExceptions->renderHttpResponse(Object(Illuminate\\Contracts\\Container\\BindingResolutionException))
#17 /var/www/vendor/laravel/framework/src/Illuminate/Foundation/Bootstrap/HandleExceptions.php(256): Illuminate\\Foundation\\Bootstrap\\HandleExceptions->handleException(Object(Illuminate\\Contracts\\Container\\BindingResolutionException))
#18 [internal function]: Illuminate\\Foundation\\Bootstrap\\HandleExceptions->Illuminate\\Foundation\\Bootstrap\\{closure}(Object(Illuminate\\Contracts\\Container\\BindingResolutionException))
#19 {main}

Next Illuminate\\Contracts\\Container\\BindingResolutionException: Target class [view] does not exist. in /var/www/vendor/laravel/framework/src/Illuminate/Container/Container.php:1045
Stack trace:
#0 /var/www/vendor/laravel/framework/src/Illuminate/Container/Container.php(916): Illuminate\\Container\\Container->build('view')
#1 /var/www/vendor/laravel/framework/src/Illuminate/Foundation/Application.php(1077): Illuminate\\Container\\Container->resolve('view', Array, true)
#2 /var/www/vendor/laravel/framework/src/Illuminate/Container/Container.php(847): Illuminate\\Foundation\\Application->resolve('view', Array)
#3 /var/www/vendor/laravel/framework/src/Illuminate/Foundation/Application.php(1057): Illuminate\\Container\\Container->make('view', Array)
#4 /var/www/vendor/laravel/framework/src/Illuminate/Container/Container.php(1679): Illuminate\\Foundation\\Application->make('view')
#5 /var/www/vendor/laravel/framework/src/Illuminate/Support/Facades/Facade.php(239): Illuminate\\Container\\Container->offsetGet('view')
#6 /var/www/vendor/laravel/framework/src/Illuminate/Support/Facades/Facade.php(210): Illuminate\\Support\\Facades\\Facade::resolveFacadeInstance('view')
#7 /var/www/vendor/laravel/framework/src/Illuminate/Support/Facades/Facade.php(355): Illuminate\\Support\\Facades\\Facade::getFacadeRoot()
#8 /var/www/vendor/laravel/framework/src/Illuminate/Foundation/Exceptions/RegisterErrorViewPaths.php(17): Illuminate\\Support\\Facades\\Facade::__callStatic('replaceNamespac...', Array)
#9 /var/www/vendor/laravel/framework/src/Illuminate/Foundation/Exceptions/Handler.php(948): Illuminate\\Foundation\\Exceptions\\RegisterErrorViewPaths->__invoke()
#10 /var/www/vendor/laravel/framework/src/Illuminate/Foundation/Exceptions/Handler.php(923): Illuminate\\Foundation\\Exceptions\\Handler->registerErrorViewPaths()
#11 /var/www/vendor/laravel/framework/src/Illuminate/Foundation/Exceptions/Handler.php(848): Illuminate\\Foundation\\Exceptions\\Handler->renderHttpException(Object(Symfony\\Component\\HttpKernel\\Exception\\HttpException))
#12 /var/www/vendor/laravel/framework/src/Illuminate/Foundation/Exceptions/Handler.php(739): Illuminate\\Foundation\\Exceptions\\Handler->prepareResponse(Object(Illuminate\\Http\\Request), Object(Symfony\\Component\\HttpKernel\\Exception\\HttpException))
#13 /var/www/vendor/laravel/framework/src/Illuminate/Foundation/Exceptions/Handler.php(627): Illuminate\\Foundation\\Exceptions\\Handler->renderExceptionResponse(Object(Illuminate\\Http\\Request), Object(Illuminate\\Contracts\\Container\\BindingResolutionException))
#14 /var/www/vendor/laravel/framework/src/Illuminate/Foundation/Bootstrap/HandleExceptions.php(219): Illuminate\\Foundation\\Exceptions\\Handler->render(Object(Illuminate\\Http\\Request), Object(Illuminate\\Contracts\\Container\\BindingResolutionException))
#15 /var/www/vendor/laravel/framework/src/Illuminate/Foundation/Bootstrap/HandleExceptions.php(196): Illuminate\\Foundation\\Bootstrap\\HandleExceptions->renderHttpResponse(Object(Illuminate\\Contracts\\Container\\BindingResolutionException))
#16 /var/www/vendor/laravel/framework/src/Illuminate/Foundation/Bootstrap/HandleExceptions.php(256): Illuminate\\Foundation\\Bootstrap\\HandleExceptions->handleException(Object(Illuminate\\Contracts\\Container\\BindingResolutionException))
#17 [internal function]: Illuminate\\Foundation\\Bootstrap\\HandleExceptions->Illuminate\\Foundation\\Bootstrap\\{closure}(Object(Illuminate\\Contracts\\Container\\BindingResolutionException))
#18 {main}
  thrown at /var/www/vendor/laravel/framework/src/Illuminate/Container/Container.php:1045)
[stacktrace]
#0 {main}
"} 
